2011-05-22 21:31:47 Debug: Notice (8): Undefined property: Referencia::$Pai in [C:\xampp\htdocs\celuworld\cms\controllers\referencias_controller.php, line 29]
2011-05-22 21:42:45 Debug: Notice (8): Undefined property: Precio::$Referencium in [C:\xampp\htdocs\celuworld\cms\controllers\precios_controller.php, line 30]
2011-05-22 21:42:53 Debug: Notice (8): Undefined property: Precio::$Referencium in [C:\xampp\htdocs\celuworld\cms\controllers\precios_controller.php, line 30]
2011-05-22 22:08:00 Debug: Notice (8): Undefined variable: ListaMarcas in [C:\xampp\htdocs\celuworld\cms\views\celulares\add.ctp, line 24]
2011-05-22 22:13:21 Debug: Notice (8): Undefined variable: Marcas in [C:\xampp\htdocs\celuworld\cms\views\celulares\add.ctp, line 24]
2011-05-22 22:41:47 Debug: Notice (8): Undefined property: Celular::$Especificaion in [C:\xampp\htdocs\celuworld\cms\controllers\celulares_controller.php, line 72]
2011-05-23 01:22:42 Debug: Notice (8): Undefined variable: imagen in [C:\xampp\htdocs\celuworld\cms\views\celulares\view.ctp, line 185]
2011-05-23 01:22:48 Debug: Notice (8): Undefined variable: imagen in [C:\xampp\htdocs\celuworld\cms\views\celulares\view.ctp, line 185]
2011-05-23 01:23:35 Debug: Notice (8): Undefined index: Foto in [C:\xampp\htdocs\celuworld\cms\views\celulares\view.ctp, line 185]
2011-05-23 01:23:35 Debug: Notice (8): Undefined index: Foto in [C:\xampp\htdocs\celuworld\cms\views\celulares\view.ctp, line 186]
2011-05-23 01:24:42 Debug: Notice (8): Undefined variable: cel in [C:\xampp\htdocs\celuworld\cms\controllers\fotos_controller.php, line 99]
2011-05-23 01:24:42 Debug: Notice (8): Undefined variable: cel in [C:\xampp\htdocs\celuworld\cms\controllers\fotos_controller.php, line 101]
2011-05-23 02:58:54 Debug: Notice (8): Undefined index: modelo in [C:\xampp\htdocs\celuworld\cms\views\especificaciones\edit.ctp, line 4]
2011-05-23 02:59:24 Debug: Notice (8): Undefined index: modelo in [C:\xampp\htdocs\celuworld\cms\views\especificaciones\edit.ctp, line 5]
2011-05-23 21:39:30 Debug: Notice (8): Undefined variable: mar in [C:\xampp\htdocs\celuworld\cms\views\celulares\add.ctp, line 24]
2011-05-23 22:00:12 Debug: Notice (8): Undefined variable: ajax in [C:\xampp\htdocs\celuworld\cms\views\precios\add.ctp, line 41]
2011-05-23 22:53:23 Debug: Notice (8): Undefined property: Precio::$Referencium in [C:\xampp\htdocs\celuworld\cms\controllers\precios_controller.php, line 59]
2011-05-23 22:53:30 Debug: Notice (8): Undefined property: Precio::$Referencium in [C:\xampp\htdocs\celuworld\cms\controllers\precios_controller.php, line 59]
2011-05-23 22:53:41 Debug: Notice (8): Undefined property: Precio::$Referencium in [C:\xampp\htdocs\celuworld\cms\controllers\precios_controller.php, line 59]
2011-05-23 22:55:42 Debug: Notice (8): Undefined variable: cel in [C:\xampp\htdocs\celuworld\cms\views\precios\edit.ctp, line 25]
2011-05-23 22:55:42 Debug: Notice (8): Undefined variable: Paises in [C:\xampp\htdocs\celuworld\cms\views\precios\edit.ctp, line 28]
2011-05-23 22:56:24 Debug: Notice (8): Undefined variable: cel in [C:\xampp\htdocs\celuworld\cms\views\precios\edit.ctp, line 25]
2011-05-23 22:56:24 Debug: Notice (8): Undefined variable: Paises in [C:\xampp\htdocs\celuworld\cms\views\precios\edit.ctp, line 28]
2011-05-23 22:56:31 Debug: Notice (8): Undefined variable: cel in [C:\xampp\htdocs\celuworld\cms\views\precios\edit.ctp, line 25]
2011-05-23 22:56:31 Debug: Notice (8): Undefined variable: Paises in [C:\xampp\htdocs\celuworld\cms\views\precios\edit.ctp, line 28]
2011-06-24 23:19:02 Debug: Notice (8): Undefined variable: celularesList in [C:\xampp\htdocs\celuworld\cms\views\referencias\view.ctp, line 58]
2011-06-24 23:19:14 Debug: Notice (8): Undefined variable: celularesList in [C:\xampp\htdocs\celuworld\cms\views\referencias\view.ctp, line 58]
2011-06-24 23:19:29 Debug: Notice (8): Undefined property: Precio::$Celulares in [C:\xampp\htdocs\celuworld\cms\controllers\referencias_controller.php, line 18]
2011-07-01 15:39:55 Debug: Notice (8): Undefined index: id in [C:\xampp\htdocs\celuworld\cms\views\celulares\view.ctp, line 277]
2011-07-01 15:39:55 Debug: Notice (8): Undefined index: id in [C:\xampp\htdocs\celuworld\cms\views\celulares\view.ctp, line 278]
2011-07-01 15:39:55 Debug: Notice (8): Undefined index: id in [C:\xampp\htdocs\celuworld\cms\views\celulares\view.ctp, line 279]
2011-07-01 15:40:13 Debug: Notice (8): Undefined index: id in [C:\xampp\htdocs\celuworld\cms\views\celulares\view.ctp, line 277]
2011-07-01 15:40:13 Debug: Notice (8): Undefined index: id in [C:\xampp\htdocs\celuworld\cms\views\celulares\view.ctp, line 278]
2011-07-01 15:40:13 Debug: Notice (8): Undefined index: id in [C:\xampp\htdocs\celuworld\cms\views\celulares\view.ctp, line 279]
2011-07-01 15:40:52 Debug: Notice (8): Undefined index: id in [C:\xampp\htdocs\celuworld\cms\views\celulares\view.ctp, line 277]
2011-07-01 15:40:52 Debug: Notice (8): Undefined index: id in [C:\xampp\htdocs\celuworld\cms\views\celulares\view.ctp, line 278]
2011-07-01 15:40:52 Debug: Notice (8): Undefined index: id in [C:\xampp\htdocs\celuworld\cms\views\celulares\view.ctp, line 279]
2011-07-01 15:41:15 Debug: Notice (8): Undefined index: id in [C:\xampp\htdocs\celuworld\cms\views\celulares\view.ctp, line 277]
2011-07-01 15:41:15 Debug: Notice (8): Undefined index: id in [C:\xampp\htdocs\celuworld\cms\views\celulares\view.ctp, line 278]
2011-07-01 15:41:15 Debug: Notice (8): Undefined index: id in [C:\xampp\htdocs\celuworld\cms\views\celulares\view.ctp, line 279]
2011-07-02 02:14:00 Debug: Notice (8): Undefined index: 3 in [C:\xampp\htdocs\celuworld\cms\views\celulares\view.ctp, line 53]
2011-07-11 03:50:28 Debug: Notice (8): Use of undefined constant DOMINIO - assumed 'DOMINIO' in [C:\xampp\htdocs\celuworld\cms\controllers\fotos_controller.php, line 100]
2011-07-11 03:52:34 Debug: Notice (8): Use of undefined constant DOMINIO - assumed 'DOMINIO' in [C:\xampp\htdocs\celuworld\cms\controllers\fotos_controller.php, line 100]
2011-07-11 03:52:34 Debug: Notice (8): Use of undefined constant DOMINIO - assumed 'DOMINIO' in [C:\xampp\htdocs\celuworld\cms\controllers\fotos_controller.php, line 101]
2011-07-11 03:53:10 Debug: Notice (8): Use of undefined constant DOMINIO - assumed 'DOMINIO' in [C:\xampp\htdocs\celuworld\cms\controllers\fotos_controller.php, line 100]
2011-07-11 03:53:10 Debug: Notice (8): Use of undefined constant DOMINIO - assumed 'DOMINIO' in [C:\xampp\htdocs\celuworld\cms\controllers\fotos_controller.php, line 101]
2011-07-13 00:56:16 Notice: Notice (8): Undefined index:  Celular in [/home/talamanc/public_html/desarrollo/celuworld/cms/views/celulares/index.ctp, line 21]
2011-07-13 00:56:16 Notice: Notice (8): Undefined index:  Celular in [/home/talamanc/public_html/desarrollo/celuworld/cms/views/celulares/index.ctp, line 22]
2011-07-13 00:56:16 Notice: Notice (8): Undefined index:  Marca in [/home/talamanc/public_html/desarrollo/celuworld/cms/views/celulares/index.ctp, line 24]
2011-07-13 00:56:16 Notice: Notice (8): Undefined index:  Celular in [/home/talamanc/public_html/desarrollo/celuworld/cms/views/celulares/index.ctp, line 26]
2011-07-13 00:56:16 Notice: Notice (8): Undefined index:  Celular in [/home/talamanc/public_html/desarrollo/celuworld/cms/views/celulares/index.ctp, line 27]
2011-07-13 00:56:16 Notice: Notice (8): Undefined index:  Celular in [/home/talamanc/public_html/desarrollo/celuworld/cms/views/celulares/index.ctp, line 29]
2011-07-13 00:56:16 Notice: Notice (8): Undefined index:  Celular in [/home/talamanc/public_html/desarrollo/celuworld/cms/views/celulares/index.ctp, line 30]
2011-07-13 00:56:16 Notice: Notice (8): Undefined index:  Celular in [/home/talamanc/public_html/desarrollo/celuworld/cms/views/celulares/index.ctp, line 31]
2011-07-13 00:56:16 Notice: Notice (8): Undefined index:  Celular in [/home/talamanc/public_html/desarrollo/celuworld/cms/views/celulares/index.ctp, line 32]
2011-07-13 00:56:16 Notice: Notice (8): Undefined index:  Celular in [/home/talamanc/public_html/desarrollo/celuworld/cms/views/celulares/index.ctp, line 33]
2011-07-13 01:50:06 Notice: Notice (8): Undefined index:  2 in [/home/talamanc/public_html/desarrollo/celuworld/cms/views/celulares/view.ctp, line 252]
2011-07-13 01:50:06 Notice: Notice (8): Undefined index:  2 in [/home/talamanc/public_html/desarrollo/celuworld/cms/views/celulares/view.ctp, line 253]
2011-07-13 01:50:06 Notice: Notice (8): Undefined index:  1 in [/home/talamanc/public_html/desarrollo/celuworld/cms/views/celulares/view.ctp, line 252]
2011-07-13 01:50:06 Notice: Notice (8): Undefined index:  1 in [/home/talamanc/public_html/desarrollo/celuworld/cms/views/celulares/view.ctp, line 253]
2011-07-13 01:50:06 Notice: Notice (8): Undefined index:  3 in [/home/talamanc/public_html/desarrollo/celuworld/cms/views/celulares/view.ctp, line 252]
2011-07-13 01:50:06 Notice: Notice (8): Undefined index:  3 in [/home/talamanc/public_html/desarrollo/celuworld/cms/views/celulares/view.ctp, line 253]
2011-07-13 01:54:50 Notice: Notice (8): Undefined index:  Movistar in [/home/talamanc/public_html/desarrollo/celuworld/cms/views/celulares/view.ctp, line 253]
2011-07-13 01:54:50 Notice: Notice (8): Undefined index:  Entel in [/home/talamanc/public_html/desarrollo/celuworld/cms/views/celulares/view.ctp, line 253]
2011-07-13 01:54:50 Notice: Notice (8): Undefined index:  Telcel in [/home/talamanc/public_html/desarrollo/celuworld/cms/views/celulares/view.ctp, line 253]
2011-07-13 01:56:00 Notice: Notice (8): Undefined index:  M in [/home/talamanc/public_html/desarrollo/celuworld/cms/views/celulares/view.ctp, line 253]
2011-07-13 01:56:00 Notice: Notice (8): Undefined index:  E in [/home/talamanc/public_html/desarrollo/celuworld/cms/views/celulares/view.ctp, line 253]
2011-07-13 01:56:00 Notice: Notice (8): Undefined index:  T in [/home/talamanc/public_html/desarrollo/celuworld/cms/views/celulares/view.ctp, line 253]
2011-07-13 01:57:55 Notice: Notice (8): Undefined index:  M in [/home/talamanc/public_html/desarrollo/celuworld/cms/views/celulares/view.ctp, line 253]
2011-07-13 01:57:55 Notice: Notice (8): Undefined index:  E in [/home/talamanc/public_html/desarrollo/celuworld/cms/views/celulares/view.ctp, line 253]
2011-07-13 01:57:55 Notice: Notice (8): Undefined index:  T in [/home/talamanc/public_html/desarrollo/celuworld/cms/views/celulares/view.ctp, line 253]
2011-07-13 02:00:29 Notice: Notice (8): Undefined index:  2 in [/home/talamanc/public_html/desarrollo/celuworld/cms/views/celulares/view.ctp, line 252]
2011-07-13 02:00:29 Notice: Notice (8): Undefined index:  2 in [/home/talamanc/public_html/desarrollo/celuworld/cms/views/celulares/view.ctp, line 253]
2011-07-13 02:00:29 Notice: Notice (8): Undefined index:   in [/home/talamanc/public_html/desarrollo/celuworld/cms/views/celulares/view.ctp, line 253]
2011-07-13 02:00:29 Notice: Notice (8): Undefined index:  1 in [/home/talamanc/public_html/desarrollo/celuworld/cms/views/celulares/view.ctp, line 252]
2011-07-13 02:00:29 Notice: Notice (8): Undefined index:  1 in [/home/talamanc/public_html/desarrollo/celuworld/cms/views/celulares/view.ctp, line 253]
2011-07-13 02:00:29 Notice: Notice (8): Undefined index:  3 in [/home/talamanc/public_html/desarrollo/celuworld/cms/views/celulares/view.ctp, line 252]
2011-07-13 02:00:29 Notice: Notice (8): Undefined index:  3 in [/home/talamanc/public_html/desarrollo/celuworld/cms/views/celulares/view.ctp, line 253]
2011-07-13 02:00:56 Notice: Notice (8): Undefined index:  2 in [/home/talamanc/public_html/desarrollo/celuworld/cms/views/celulares/view.ctp, line 252]
2011-07-13 02:00:56 Notice: Notice (8): Undefined index:  2 in [/home/talamanc/public_html/desarrollo/celuworld/cms/views/celulares/view.ctp, line 253]
2011-07-13 02:00:56 Notice: Notice (8): Undefined index:   in [/home/talamanc/public_html/desarrollo/celuworld/cms/views/celulares/view.ctp, line 253]
2011-07-13 02:00:56 Notice: Notice (8): Undefined index:  1 in [/home/talamanc/public_html/desarrollo/celuworld/cms/views/celulares/view.ctp, line 252]
2011-07-13 02:00:56 Notice: Notice (8): Undefined index:  1 in [/home/talamanc/public_html/desarrollo/celuworld/cms/views/celulares/view.ctp, line 253]
2011-07-13 02:00:56 Notice: Notice (8): Undefined index:  3 in [/home/talamanc/public_html/desarrollo/celuworld/cms/views/celulares/view.ctp, line 252]
2011-07-13 02:00:56 Notice: Notice (8): Undefined index:  3 in [/home/talamanc/public_html/desarrollo/celuworld/cms/views/celulares/view.ctp, line 253]
2011-07-13 02:01:01 Notice: Notice (8): Undefined index:  nombre in [/home/talamanc/public_html/desarrollo/celuworld/cms/views/celulares/view.ctp, line 252]
2011-07-13 02:01:01 Notice: Notice (8): Undefined index:  pais_id in [/home/talamanc/public_html/desarrollo/celuworld/cms/views/celulares/view.ctp, line 253]
2011-07-13 02:01:01 Notice: Notice (8): Undefined index:   in [/home/talamanc/public_html/desarrollo/celuworld/cms/views/celulares/view.ctp, line 253]
2011-07-13 02:01:01 Notice: Notice (8): Undefined index:  3 in [/home/talamanc/public_html/desarrollo/celuworld/cms/views/celulares/view.ctp, line 252]
2011-07-13 02:01:01 Notice: Notice (8): Undefined index:  3 in [/home/talamanc/public_html/desarrollo/celuworld/cms/views/celulares/view.ctp, line 253]
2011-07-13 02:20:55 Notice: Notice (8): Undefined index:  3 in [/home/talamanc/public_html/desarrollo/celuworld/cms/views/celulares/view.ctp, line 53]
2011-07-27 01:42:57 Notice: Notice (8): Undefined index:   in [/home/talamanc/public_html/celuworld.com/cms/views/celulares/view.ctp, line 53]
2011-07-27 01:42:58 Notice: Notice (8): Undefined index:   in [/home/talamanc/public_html/celuworld.com/cms/views/celulares/view.ctp, line 53]
2011-07-27 12:28:16 Notice: Notice (8): Undefined index:   in [/home/talamanc/public_html/celuworld.com/cms/views/celulares/view.ctp, line 53]
2011-07-27 12:41:01 Notice: Notice (8): Undefined index:   in [/home/talamanc/public_html/celuworld.com/cms/views/celulares/view.ctp, line 53]
2011-07-27 12:41:02 Notice: Notice (8): Undefined index:   in [/home/talamanc/public_html/celuworld.com/cms/views/celulares/view.ctp, line 53]
2011-07-27 12:41:03 Notice: Notice (8): Undefined index:   in [/home/talamanc/public_html/celuworld.com/cms/views/celulares/view.ctp, line 53]
2011-07-27 12:41:05 Notice: Notice (8): Undefined index:   in [/home/talamanc/public_html/celuworld.com/cms/views/celulares/view.ctp, line 53]
2011-07-27 13:45:51 Notice: Notice (8): Undefined index:   in [/home/talamanc/public_html/celuworld.com/cms/views/celulares/view.ctp, line 53]
2011-07-28 19:06:41 Notice: Notice (8): Undefined index:  celular_id in [/home/talamanc/public_html/celuworld.com/cms/controllers/fotos_controller.php, line 52]
2011-08-14 23:19:32 Notice: Notice (8): Undefined index:  celular_id in [/home/talamanc/public_html/celuworld.com/cms/controllers/fotos_controller.php, line 12]
2011-08-14 23:19:57 Notice: Notice (8): Undefined index:  celular_id in [/home/talamanc/public_html/celuworld.com/cms/controllers/fotos_controller.php, line 12]
2011-08-15 21:28:46 Notice: Notice (8): Undefined index:  pais_id in [/home/talamanc/public_html/celuworld.com/cms/views/celulares/view.ctp, line 270]
2011-08-15 21:29:57 Notice: Notice (8): Undefined index:  pais_id in [/home/talamanc/public_html/celuworld.com/cms/views/celulares/view.ctp, line 272]
2011-08-15 21:36:16 Notice: Notice (8): Undefined index:  8 in [/home/talamanc/public_html/celuworld.com/cms/views/celulares/view.ctp, line 271]
2011-08-15 21:36:16 Notice: Notice (8): Undefined index:  11 in [/home/talamanc/public_html/celuworld.com/cms/views/celulares/view.ctp, line 271]
2011-08-15 21:36:16 Notice: Notice (8): Undefined index:  10 in [/home/talamanc/public_html/celuworld.com/cms/views/celulares/view.ctp, line 271]
2011-08-15 21:36:16 Notice: Notice (8): Undefined index:  15 in [/home/talamanc/public_html/celuworld.com/cms/views/celulares/view.ctp, line 271]
2011-08-15 21:36:16 Notice: Notice (8): Undefined index:  14 in [/home/talamanc/public_html/celuworld.com/cms/views/celulares/view.ctp, line 271]
2011-08-15 21:36:16 Notice: Notice (8): Undefined index:  16 in [/home/talamanc/public_html/celuworld.com/cms/views/celulares/view.ctp, line 271]
2011-08-17 22:32:42 Notice: Notice (8): Undefined offset:  1 in [/home/talamanc/public_html/celuworld.com/cms/controllers/fotos_controller.php, line 27]
2011-08-23 21:11:13 Notice: Notice (8): Undefined index:   in [/home/talamanc/public_html/celuworld.com/cms/views/celulares/view.ctp, line 53]
2011-08-23 21:11:19 Notice: Notice (8): Undefined index:   in [/home/talamanc/public_html/celuworld.com/cms/views/celulares/view.ctp, line 53]
2011-08-26 22:13:24 Notice: Notice (8): Undefined index:   in [/home/talamanc/public_html/celuworld.com/cms/views/celulares/view.ctp, line 53]
2011-08-30 02:14:27 Notice: Notice (8): Undefined index:   in [/home/talamanc/public_html/celuworld.com/cms/views/celulares/view.ctp, line 53]
2011-08-31 21:21:14 Notice: Notice (8): Undefined property: Referencia::$Celular in [/home/talamanc/public_html/celuworld.com/cms/controllers/precios_controller.php, line 37]
2011-08-31 21:25:49 Notice: Notice (8): Array to string conversion in [/home/talamanc/public_html/celuworld.com/cake/libs/router.php, line 1573]
2011-08-31 21:44:14 Notice: Notice (8): Undefined index:  Modelo in [/home/talamanc/public_html/celuworld.com/cms/controllers/precios_controller.php, line 46]
2011-09-07 18:54:02 Notice: Notice (8): Undefined index:  id_Gama in [/home/talamanc/public_html/celuworld.com/cms/views/gamas/view.ctp, line 20]
2011-09-07 18:59:53 Notice: Notice (8): Undefined property: Especificacion::$Gama in [/home/talamanc/public_html/celuworld.com/cms/controllers/especificaciones_controller.php, line 51]
2011-09-13 16:50:39 Notice: Notice (8): Undefined variable: archivo in [/home/talamanc/public_html/celuworld.com/cms/controllers/noticias_controller.php, line 22]
2011-09-26 11:24:36 Notice: Notice (8): Undefined index:  celular_id in [/home/talamanc/public_html/celuworld.com/cms/controllers/fotos_controller.php, line 58]
2011-09-28 11:17:22 Notice: Notice (8): Undefined offset:  1 in [/home/talamanc/public_html/celuworld.com/cms/controllers/fotos_controller.php, line 27]
2011-09-28 11:17:36 Notice: Notice (8): Undefined offset:  1 in [/home/talamanc/public_html/celuworld.com/cms/controllers/fotos_controller.php, line 27]
2011-09-29 09:29:53 Notice: Notice (8): Undefined offset:  1 in [/home/talamanc/public_html/celuworld.com/cms/controllers/fotos_controller.php, line 27]
2011-09-29 11:41:07 Notice: Notice (8): Undefined offset:  1 in [/home/talamanc/public_html/celuworld.com/cms/controllers/fotos_controller.php, line 27]
2011-09-29 11:41:46 Notice: Notice (8): Undefined offset:  1 in [/home/talamanc/public_html/celuworld.com/cms/controllers/fotos_controller.php, line 27]
2011-09-29 13:01:50 Notice: Notice (8): Undefined offset:  1 in [/home/talamanc/public_html/celuworld.com/cms/controllers/fotos_controller.php, line 27]
2011-10-03 13:06:02 Notice: Notice (8): Undefined index:   in [/home/talamanc/public_html/celuworld.com/cms/views/celulares/view.ctp, line 53]
2011-10-04 12:28:19 Notice: Notice (8): Undefined index:   in [/home/talamanc/public_html/celuworld.com/cms/views/celulares/view.ctp, line 53]
2011-10-04 13:46:41 Notice: Notice (8): Undefined index:   in [/home/talamanc/public_html/celuworld.com/cms/views/celulares/view.ctp, line 53]
2011-10-04 13:46:45 Notice: Notice (8): Undefined index:   in [/home/talamanc/public_html/celuworld.com/cms/views/celulares/view.ctp, line 53]
2011-10-06 13:53:17 Notice: Notice (8): Undefined offset:  1 in [/home/talamanc/public_html/celuworld.com/cms/controllers/fotos_controller.php, line 27]
2011-10-06 13:53:23 Notice: Notice (8): Undefined index:  celular_id in [/home/talamanc/public_html/celuworld.com/cms/controllers/fotos_controller.php, line 58]
2011-10-06 13:53:34 Notice: Notice (8): Undefined offset:  1 in [/home/talamanc/public_html/celuworld.com/cms/controllers/fotos_controller.php, line 27]
2011-10-06 13:53:44 Notice: Notice (8): Undefined offset:  1 in [/home/talamanc/public_html/celuworld.com/cms/controllers/fotos_controller.php, line 27]
2011-10-06 13:54:29 Notice: Notice (8): Undefined offset:  1 in [/home/talamanc/public_html/celuworld.com/cms/controllers/fotos_controller.php, line 27]
