2011-05-23 00:48:06 Warning: Warning (2): getimagesize(C:\xampp\htdocs\celuworld\cms\webroot/img/celulares/1/cap$$$7.bmp) [<a href='http://php.net/function.getimagesize'>function.getimagesize</a>]: failed to open stream: No such file or directory in [C:\xampp\htdocs\celuworld\cms\views\helpers\imagen.php, line 7]
2011-05-23 00:48:06 Warning: Warning (2): Division by zero in [C:\xampp\htdocs\celuworld\cms\views\helpers\imagen.php, line 11]
2011-05-23 00:48:06 Warning: Warning (2): getimagesize(C:\xampp\htdocs\celuworld\cms\webroot/img/celulares/1/DSC00587.JPG) [<a href='http://php.net/function.getimagesize'>function.getimagesize</a>]: failed to open stream: No such file or directory in [C:\xampp\htdocs\celuworld\cms\views\helpers\imagen.php, line 7]
2011-05-23 00:48:06 Warning: Warning (2): getimagesize(C:\xampp\htdocs\celuworld\cms\webroot/img/celulares/1/1C86C921F3FD5B1F883C50738E4F3A[1].jpg) [<a href='http://php.net/function.getimagesize'>function.getimagesize</a>]: failed to open stream: No such file or directory in [C:\xampp\htdocs\celuworld\cms\views\helpers\imagen.php, line 7]
2011-05-23 00:48:06 Warning: Warning (2): getimagesize(C:\xampp\htdocs\celuworld\cms\webroot/img/celulares/1/1gbvs2gb-590x442[1].jpg) [<a href='http://php.net/function.getimagesize'>function.getimagesize</a>]: failed to open stream: No such file or directory in [C:\xampp\htdocs\celuworld\cms\views\helpers\imagen.php, line 7]
2011-05-23 00:48:06 Warning: Warning (2): getimagesize(C:\xampp\htdocs\celuworld\cms\webroot/img/celulares/1/DSC00319.JPG) [<a href='http://php.net/function.getimagesize'>function.getimagesize</a>]: failed to open stream: No such file or directory in [C:\xampp\htdocs\celuworld\cms\views\helpers\imagen.php, line 7]
2011-05-23 00:49:37 Warning: Warning (2): getimagesize(C:\xampp\htdocs\celuworld\cms\webroot/img/celulares/1/cap$$$7.bmp) [<a href='http://php.net/function.getimagesize'>function.getimagesize</a>]: failed to open stream: No such file or directory in [C:\xampp\htdocs\celuworld\cms\views\helpers\imagen.php, line 7]
2011-05-23 00:49:37 Warning: Warning (2): Division by zero in [C:\xampp\htdocs\celuworld\cms\views\helpers\imagen.php, line 11]
2011-05-23 00:49:37 Warning: Warning (2): getimagesize(C:\xampp\htdocs\celuworld\cms\webroot/img/celulares/1/DSC00587.JPG) [<a href='http://php.net/function.getimagesize'>function.getimagesize</a>]: failed to open stream: No such file or directory in [C:\xampp\htdocs\celuworld\cms\views\helpers\imagen.php, line 7]
2011-05-23 00:49:37 Warning: Warning (2): getimagesize(C:\xampp\htdocs\celuworld\cms\webroot/img/celulares/1/1C86C921F3FD5B1F883C50738E4F3A[1].jpg) [<a href='http://php.net/function.getimagesize'>function.getimagesize</a>]: failed to open stream: No such file or directory in [C:\xampp\htdocs\celuworld\cms\views\helpers\imagen.php, line 7]
2011-05-23 00:49:37 Warning: Warning (2): getimagesize(C:\xampp\htdocs\celuworld\cms\webroot/img/celulares/1/1gbvs2gb-590x442[1].jpg) [<a href='http://php.net/function.getimagesize'>function.getimagesize</a>]: failed to open stream: No such file or directory in [C:\xampp\htdocs\celuworld\cms\views\helpers\imagen.php, line 7]
2011-05-23 00:49:37 Warning: Warning (2): getimagesize(C:\xampp\htdocs\celuworld\cms\webroot/img/celulares/1/DSC00319.JPG) [<a href='http://php.net/function.getimagesize'>function.getimagesize</a>]: failed to open stream: No such file or directory in [C:\xampp\htdocs\celuworld\cms\views\helpers\imagen.php, line 7]
2011-05-23 00:49:39 Warning: Warning (2): getimagesize(C:\xampp\htdocs\celuworld\cms\webroot/img/celulares/1/cap$$$7.bmp) [<a href='http://php.net/function.getimagesize'>function.getimagesize</a>]: failed to open stream: No such file or directory in [C:\xampp\htdocs\celuworld\cms\views\helpers\imagen.php, line 7]
2011-05-23 00:49:39 Warning: Warning (2): Division by zero in [C:\xampp\htdocs\celuworld\cms\views\helpers\imagen.php, line 11]
2011-05-23 00:49:39 Warning: Warning (2): getimagesize(C:\xampp\htdocs\celuworld\cms\webroot/img/celulares/1/DSC00587.JPG) [<a href='http://php.net/function.getimagesize'>function.getimagesize</a>]: failed to open stream: No such file or directory in [C:\xampp\htdocs\celuworld\cms\views\helpers\imagen.php, line 7]
2011-05-23 00:49:39 Warning: Warning (2): getimagesize(C:\xampp\htdocs\celuworld\cms\webroot/img/celulares/1/1C86C921F3FD5B1F883C50738E4F3A[1].jpg) [<a href='http://php.net/function.getimagesize'>function.getimagesize</a>]: failed to open stream: No such file or directory in [C:\xampp\htdocs\celuworld\cms\views\helpers\imagen.php, line 7]
2011-05-23 00:49:39 Warning: Warning (2): getimagesize(C:\xampp\htdocs\celuworld\cms\webroot/img/celulares/1/1gbvs2gb-590x442[1].jpg) [<a href='http://php.net/function.getimagesize'>function.getimagesize</a>]: failed to open stream: No such file or directory in [C:\xampp\htdocs\celuworld\cms\views\helpers\imagen.php, line 7]
2011-05-23 00:49:39 Warning: Warning (2): getimagesize(C:\xampp\htdocs\celuworld\cms\webroot/img/celulares/1/DSC00319.JPG) [<a href='http://php.net/function.getimagesize'>function.getimagesize</a>]: failed to open stream: No such file or directory in [C:\xampp\htdocs\celuworld\cms\views\helpers\imagen.php, line 7]
2011-05-23 01:23:35 Warning: Warning (2): getimagesize(C:\xampp\htdocs\celuworld\cms\webroot/img/celulares//) [<a href='http://php.net/function.getimagesize'>function.getimagesize</a>]: failed to open stream: No such file or directory in [C:\xampp\htdocs\celuworld\cms\views\helpers\imagen.php, line 7]
2011-05-23 01:23:35 Warning: Warning (2): Division by zero in [C:\xampp\htdocs\celuworld\cms\views\helpers\imagen.php, line 11]
2011-05-23 01:24:42 Warning: Warning (2): Missing argument 2 for FotosController::delete() in [C:\xampp\htdocs\celuworld\cms\controllers\fotos_controller.php, line 89]
2011-05-23 01:24:42 Warning: Warning (2): Cannot modify header information - headers already sent by (output started at C:\xampp\htdocs\enhorabuena\cake\libs\debugger.php:673) in [C:\xampp\htdocs\enhorabuena\cake\libs\controller\controller.php, line 742]
2011-05-23 01:26:17 Warning: Warning (2): getimagesize(C:\xampp\htdocs\celuworld\cms\webroot/img/celulares/1/DSC00319.JPG) [<a href='http://php.net/function.getimagesize'>function.getimagesize</a>]: failed to open stream: No such file or directory in [C:\xampp\htdocs\celuworld\cms\views\helpers\imagen.php, line 7]
2011-05-23 01:26:17 Warning: Warning (2): Division by zero in [C:\xampp\htdocs\celuworld\cms\views\helpers\imagen.php, line 11]
2011-05-23 01:26:32 Warning: Warning (2): unlink(C:\xampp\htdocs\celuworld\cms\webroot/img/celulares/1/DSC00319.JPG) [<a href='http://php.net/function.unlink'>function.unlink</a>]: No such file or directory in [C:\xampp\htdocs\celuworld\cms\controllers\fotos_controller.php, line 94]
2011-05-23 01:26:32 Warning: Warning (2): Cannot modify header information - headers already sent by (output started at C:\xampp\htdocs\enhorabuena\cake\libs\debugger.php:673) in [C:\xampp\htdocs\enhorabuena\cake\libs\controller\controller.php, line 742]
2011-05-23 01:35:19 Warning: Warning (2): Cannot modify header information - headers already sent by (output started at C:\xampp\htdocs\celuworld\cms\controllers\fotos_controller.php:35) in [C:\xampp\htdocs\enhorabuena\cake\libs\controller\controller.php, line 742]
2011-05-23 01:43:01 Warning: Warning (2): Cannot modify header information - headers already sent by (output started at C:\xampp\htdocs\celuworld\cms\controllers\fotos_controller.php:37) in [C:\xampp\htdocs\enhorabuena\cake\libs\controller\controller.php, line 742]
2011-05-23 01:44:53 Warning: Warning (2): Cannot modify header information - headers already sent by (output started at C:\xampp\htdocs\celuworld\cms\controllers\fotos_controller.php:37) in [C:\xampp\htdocs\enhorabuena\cake\libs\controller\controller.php, line 742]
2011-05-23 01:45:35 Warning: Warning (2): Cannot modify header information - headers already sent by (output started at C:\xampp\htdocs\celuworld\cms\controllers\fotos_controller.php:37) in [C:\xampp\htdocs\enhorabuena\cake\libs\controller\controller.php, line 742]
2011-05-23 01:46:34 Warning: Warning (2): Cannot modify header information - headers already sent by (output started at C:\xampp\htdocs\celuworld\cms\controllers\fotos_controller.php:37) in [C:\xampp\htdocs\enhorabuena\cake\libs\controller\controller.php, line 742]
2011-05-23 01:46:52 Warning: Warning (2): Cannot modify header information - headers already sent by (output started at C:\xampp\htdocs\celuworld\cms\controllers\fotos_controller.php:37) in [C:\xampp\htdocs\enhorabuena\cake\libs\controller\controller.php, line 742]
2011-05-23 01:47:15 Warning: Warning (2): Cannot modify header information - headers already sent by (output started at C:\xampp\htdocs\celuworld\cms\controllers\fotos_controller.php:19) in [C:\xampp\htdocs\enhorabuena\cake\libs\controller\controller.php, line 742]
2011-05-23 01:48:03 Warning: Warning (2): Cannot modify header information - headers already sent by (output started at C:\xampp\htdocs\celuworld\cms\controllers\fotos_controller.php:24) in [C:\xampp\htdocs\enhorabuena\cake\libs\controller\controller.php, line 742]
2011-05-23 01:48:12 Warning: Warning (2): Cannot modify header information - headers already sent by (output started at C:\xampp\htdocs\celuworld\cms\controllers\fotos_controller.php:32) in [C:\xampp\htdocs\enhorabuena\cake\libs\controller\controller.php, line 742]
2011-05-23 22:49:27 Warning: Warning (512): Method FormHelper::imput does not exist in [C:\xampp\htdocs\enhorabuena\cake\libs\view\helper.php, line 154]
2011-05-23 22:49:28 Warning: Warning (512): Method FormHelper::imput does not exist in [C:\xampp\htdocs\enhorabuena\cake\libs\view\helper.php, line 154]
2011-05-23 22:49:28 Warning: Warning (512): Method FormHelper::imput does not exist in [C:\xampp\htdocs\enhorabuena\cake\libs\view\helper.php, line 154]
2011-05-23 22:49:28 Warning: Warning (512): Method FormHelper::imput does not exist in [C:\xampp\htdocs\enhorabuena\cake\libs\view\helper.php, line 154]
2011-06-24 23:22:40 Warning: Warning (2): getimagesize(C:\xampp\htdocs\celuworld\cms\webroot/img/celulares/2/eew) [<a href='http://php.net/function.getimagesize'>function.getimagesize</a>]: failed to open stream: No such file or directory in [C:\xampp\htdocs\celuworld\cms\views\helpers\imagen.php, line 7]
2011-06-24 23:22:40 Warning: Warning (2): Division by zero in [C:\xampp\htdocs\celuworld\cms\views\helpers\imagen.php, line 11]
2011-06-24 23:22:40 Warning: Warning (2): getimagesize(C:\xampp\htdocs\celuworld\cms\webroot/img/celulares/2/wewe) [<a href='http://php.net/function.getimagesize'>function.getimagesize</a>]: failed to open stream: No such file or directory in [C:\xampp\htdocs\celuworld\cms\views\helpers\imagen.php, line 7]
2011-06-24 23:22:40 Warning: Warning (2): getimagesize(C:\xampp\htdocs\celuworld\cms\webroot/img/celulares/2/wew) [<a href='http://php.net/function.getimagesize'>function.getimagesize</a>]: failed to open stream: No such file or directory in [C:\xampp\htdocs\celuworld\cms\views\helpers\imagen.php, line 7]
2011-06-24 23:22:40 Warning: Warning (2): getimagesize(C:\xampp\htdocs\celuworld\cms\webroot/img/celulares/2/weew) [<a href='http://php.net/function.getimagesize'>function.getimagesize</a>]: failed to open stream: No such file or directory in [C:\xampp\htdocs\celuworld\cms\views\helpers\imagen.php, line 7]
2011-06-24 23:22:40 Warning: Warning (2): getimagesize(C:\xampp\htdocs\celuworld\cms\webroot/img/celulares/2/ewewe) [<a href='http://php.net/function.getimagesize'>function.getimagesize</a>]: failed to open stream: No such file or directory in [C:\xampp\htdocs\celuworld\cms\views\helpers\imagen.php, line 7]
2011-06-24 23:22:40 Warning: Warning (2): getimagesize(C:\xampp\htdocs\celuworld\cms\webroot/img/celulares/2/we) [<a href='http://php.net/function.getimagesize'>function.getimagesize</a>]: failed to open stream: No such file or directory in [C:\xampp\htdocs\celuworld\cms\views\helpers\imagen.php, line 7]
2011-06-24 23:22:54 Warning: Warning (2): unlink(C:\xampp\htdocs\celuworld\cms\webroot/img/celulares/2/ewewe) [<a href='http://php.net/function.unlink'>function.unlink</a>]: No such file or directory in [C:\xampp\htdocs\celuworld\cms\controllers\fotos_controller.php, line 98]
2011-06-24 23:22:54 Warning: Warning (2): Cannot modify header information - headers already sent by (output started at C:\xampp\htdocs\enhorabuena\cake\libs\debugger.php:673) in [C:\xampp\htdocs\enhorabuena\cake\libs\controller\controller.php, line 742]
2011-07-02 02:14:00 Warning: Warning (2): getimagesize(C:\xampp\htdocs\celuworld\cms\webroot/img/celulares/6/) [<a href='http://php.net/function.getimagesize'>function.getimagesize</a>]: failed to open stream: No such file or directory in [C:\xampp\htdocs\celuworld\cms\views\helpers\imagen.php, line 7]
2011-07-02 02:14:00 Warning: Warning (2): Division by zero in [C:\xampp\htdocs\celuworld\cms\views\helpers\imagen.php, line 11]
2011-07-02 02:15:07 Warning: Warning (2): getimagesize(C:\xampp\htdocs\celuworld\cms\webroot/img/celulares/6/) [<a href='http://php.net/function.getimagesize'>function.getimagesize</a>]: failed to open stream: No such file or directory in [C:\xampp\htdocs\celuworld\cms\views\helpers\imagen.php, line 7]
2011-07-02 02:15:07 Warning: Warning (2): Division by zero in [C:\xampp\htdocs\celuworld\cms\views\helpers\imagen.php, line 11]
2011-07-02 02:15:17 Warning: Warning (2): unlink(C:\xampp\htdocs\celuworld\cms\webroot/img/celulares/6/) [<a href='http://php.net/function.unlink'>function.unlink</a>]: Permission denied in [C:\xampp\htdocs\celuworld\cms\controllers\fotos_controller.php, line 98]
2011-07-02 02:15:17 Warning: Warning (2): Cannot modify header information - headers already sent by (output started at C:\xampp\htdocs\enhorabuena\cake\libs\debugger.php:673) in [C:\xampp\htdocs\enhorabuena\cake\libs\controller\controller.php, line 742]
2011-07-08 04:00:32 Warning: Warning (2): move_uploaded_file(C:\xampp\htdocs\celuworld\cms\\app\webroot\img\celulares\1/914Honesty1600x1200.jpg) [<a href='http://php.net/function.move-uploaded-file'>function.move-uploaded-file</a>]: failed to open stream: No such file or directory in [C:\xampp\htdocs\celuworld\cms\controllers\fotos_controller.php, line 37]
2011-07-08 04:00:32 Warning: Warning (2): move_uploaded_file() [<a href='http://php.net/function.move-uploaded-file'>function.move-uploaded-file</a>]: Unable to move 'C:\xampp\tmp\phpEDE7.tmp' to 'C:\xampp\htdocs\celuworld\cms\\app\webroot\img\celulares\1/914Honesty1600x1200.jpg' in [C:\xampp\htdocs\celuworld\cms\controllers\fotos_controller.php, line 37]
2011-07-08 04:00:32 Warning: Warning (2): Cannot modify header information - headers already sent by (output started at C:\xampp\htdocs\enhorabuena\cake\libs\debugger.php:673) in [C:\xampp\htdocs\enhorabuena\cake\libs\controller\controller.php, line 742]
2011-07-08 04:00:58 Warning: Warning (2): move_uploaded_file(C:\xampp\htdocs\celuworld\cms\app\webroot\img\celulares\1/182Honesty1600x1200.jpg) [<a href='http://php.net/function.move-uploaded-file'>function.move-uploaded-file</a>]: failed to open stream: No such file or directory in [C:\xampp\htdocs\celuworld\cms\controllers\fotos_controller.php, line 37]
2011-07-08 04:00:58 Warning: Warning (2): move_uploaded_file() [<a href='http://php.net/function.move-uploaded-file'>function.move-uploaded-file</a>]: Unable to move 'C:\xampp\tmp\php5293.tmp' to 'C:\xampp\htdocs\celuworld\cms\app\webroot\img\celulares\1/182Honesty1600x1200.jpg' in [C:\xampp\htdocs\celuworld\cms\controllers\fotos_controller.php, line 37]
2011-07-08 04:00:58 Warning: Warning (2): Cannot modify header information - headers already sent by (output started at C:\xampp\htdocs\enhorabuena\cake\libs\debugger.php:673) in [C:\xampp\htdocs\enhorabuena\cake\libs\controller\controller.php, line 742]
2011-07-08 04:01:41 Warning: Warning (2): mkdir() [<a href='http://php.net/function.mkdir'>function.mkdir</a>]: No such file or directory in [C:\xampp\htdocs\celuworld\cms\controllers\fotos_controller.php, line 18]
2011-07-08 04:01:41 Warning: Warning (2): move_uploaded_file(C:\xampp\htdocs\celuworld\cms\app\webroot\img\celulares\1/545Honesty1600x1200.jpg) [<a href='http://php.net/function.move-uploaded-file'>function.move-uploaded-file</a>]: failed to open stream: No such file or directory in [C:\xampp\htdocs\celuworld\cms\controllers\fotos_controller.php, line 37]
2011-07-08 04:01:41 Warning: Warning (2): move_uploaded_file() [<a href='http://php.net/function.move-uploaded-file'>function.move-uploaded-file</a>]: Unable to move 'C:\xampp\tmp\phpF8C1.tmp' to 'C:\xampp\htdocs\celuworld\cms\app\webroot\img\celulares\1/545Honesty1600x1200.jpg' in [C:\xampp\htdocs\celuworld\cms\controllers\fotos_controller.php, line 37]
2011-07-08 04:01:41 Warning: Warning (2): Cannot modify header information - headers already sent by (output started at C:\xampp\htdocs\enhorabuena\cake\libs\debugger.php:673) in [C:\xampp\htdocs\enhorabuena\cake\libs\controller\controller.php, line 742]
2011-07-08 04:04:27 Warning: Warning (2): mkdir() [<a href='http://php.net/function.mkdir'>function.mkdir</a>]: File exists in [C:\xampp\htdocs\celuworld\cms\controllers\fotos_controller.php, line 18]
2011-07-08 04:04:27 Warning: Warning (2): Cannot modify header information - headers already sent by (output started at C:\xampp\htdocs\enhorabuena\cake\libs\debugger.php:673) in [C:\xampp\htdocs\enhorabuena\cake\libs\controller\controller.php, line 742]
2011-07-08 04:06:33 Warning: Warning (2): mkdir() [<a href='http://php.net/function.mkdir'>function.mkdir</a>]: File exists in [C:\xampp\htdocs\celuworld\cms\controllers\fotos_controller.php, line 18]
2011-07-08 04:06:33 Warning: Warning (2): Cannot modify header information - headers already sent by (output started at C:\xampp\htdocs\enhorabuena\cake\libs\debugger.php:673) in [C:\xampp\htdocs\enhorabuena\cake\libs\controller\controller.php, line 742]
2011-07-11 03:48:13 Warning: Warning (2): unlink(C:\xampp\htdocs\celuworld\cms\webroot/img/celulares/1/65DSC00469.JPG) [<a href='http://php.net/function.unlink'>function.unlink</a>]: No such file or directory in [C:\xampp\htdocs\celuworld\cms\controllers\fotos_controller.php, line 101]
2011-07-11 03:48:13 Warning: Warning (2): Cannot modify header information - headers already sent by (output started at C:\xampp\htdocs\enhorabuena\cake\libs\debugger.php:673) in [C:\xampp\htdocs\enhorabuena\cake\libs\controller\controller.php, line 742]
2011-07-11 03:48:28 Warning: Warning (2): unlink(C:\xampp\htdocs\celuworld\cms\webroot/img/celulares/1/644DSC00469.JPG) [<a href='http://php.net/function.unlink'>function.unlink</a>]: No such file or directory in [C:\xampp\htdocs\celuworld\cms\controllers\fotos_controller.php, line 101]
2011-07-11 03:48:28 Warning: Warning (2): Cannot modify header information - headers already sent by (output started at C:\xampp\htdocs\enhorabuena\cake\libs\debugger.php:673) in [C:\xampp\htdocs\enhorabuena\cake\libs\controller\controller.php, line 742]
2011-07-11 03:50:28 Warning: Warning (2): unlink(DOMINIO/img/celulares/1/750Image.jpg) [<a href='http://php.net/function.unlink'>function.unlink</a>]: No such file or directory in [C:\xampp\htdocs\celuworld\cms\controllers\fotos_controller.php, line 101]
2011-07-11 03:50:28 Warning: Warning (2): Cannot modify header information - headers already sent by (output started at C:\xampp\htdocs\enhorabuena\cake\libs\debugger.php:673) in [C:\xampp\htdocs\enhorabuena\cake\libs\controller\controller.php, line 742]
2011-07-11 03:52:34 Warning: Warning (2): unlink(DOMINIO/img/celulares/1/478Honesty1600x1200.jpg) [<a href='http://php.net/function.unlink'>function.unlink</a>]: No such file or directory in [C:\xampp\htdocs\celuworld\cms\controllers\fotos_controller.php, line 102]
2011-07-11 03:52:34 Warning: Warning (2): Cannot modify header information - headers already sent by (output started at C:\xampp\htdocs\enhorabuena\cake\libs\debugger.php:673) in [C:\xampp\htdocs\enhorabuena\cake\libs\controller\controller.php, line 742]
2011-07-11 03:53:10 Warning: Warning (2): unlink(DOMINIO/img/celulares/1/817IMG_0021.JPG) [<a href='http://php.net/function.unlink'>function.unlink</a>]: No such file or directory in [C:\xampp\htdocs\celuworld\cms\controllers\fotos_controller.php, line 102]
2011-07-11 03:53:10 Warning: Warning (2): Cannot modify header information - headers already sent by (output started at C:\xampp\htdocs\enhorabuena\cake\libs\debugger.php:673) in [C:\xampp\htdocs\enhorabuena\cake\libs\controller\controller.php, line 742]
2011-07-13 00:59:57 Warning: Warning (2): getimagesize() [<a href='http://php.net/function.getimagesize'>function.getimagesize</a>]: URL file-access is disabled in the server configuration in [/home/talamanc/public_html/desarrollo/celuworld/cms/views/helpers/imagen.php, line 7]
2011-07-13 00:59:57 Warning: Warning (2): getimagesize(http://localhost/celuworld/img/celulares/1/820sony-ericsson-xperia-x10-mini-pro-2[1].jpg) [<a href='http://php.net/function.getimagesize'>function.getimagesize</a>]: failed to open stream: no suitable wrapper could be found in [/home/talamanc/public_html/desarrollo/celuworld/cms/views/helpers/imagen.php, line 7]
2011-07-13 00:59:57 Warning: Warning (2): Division by zero in [/home/talamanc/public_html/desarrollo/celuworld/cms/views/helpers/imagen.php, line 11]
2011-07-13 00:59:57 Warning: Warning (2): getimagesize(http://localhost/celuworld/img/celulares/1/439Xperia_X10_mini_pro_Open_Black[1].jpg) [<a href='http://php.net/function.getimagesize'>function.getimagesize</a>]: failed to open stream: no suitable wrapper could be found in [/home/talamanc/public_html/desarrollo/celuworld/cms/views/helpers/imagen.php, line 7]
2011-07-13 00:59:57 Warning: Warning (2): getimagesize(http://localhost/celuworld/img/celulares/1/357losexperia[1].jpg) [<a href='http://php.net/function.getimagesize'>function.getimagesize</a>]: failed to open stream: no suitable wrapper could be found in [/home/talamanc/public_html/desarrollo/celuworld/cms/views/helpers/imagen.php, line 7]
2011-07-13 01:02:29 Warning: Warning (2): getimagesize() [<a href='http://php.net/function.getimagesize'>function.getimagesize</a>]: URL file-access is disabled in the server configuration in [/home/talamanc/public_html/desarrollo/celuworld/cms/views/helpers/imagen.php, line 7]
2011-07-13 01:02:29 Warning: Warning (2): getimagesize(http://desarrollo.talaman.cl/celuworld/img/celulares/1/820sony-ericsson-xperia-x10-mini-pro-2[1].jpg) [<a href='http://php.net/function.getimagesize'>function.getimagesize</a>]: failed to open stream: no suitable wrapper could be found in [/home/talamanc/public_html/desarrollo/celuworld/cms/views/helpers/imagen.php, line 7]
2011-07-13 01:02:29 Warning: Warning (2): Division by zero in [/home/talamanc/public_html/desarrollo/celuworld/cms/views/helpers/imagen.php, line 11]
2011-07-13 01:02:29 Warning: Warning (2): getimagesize(http://desarrollo.talaman.cl/celuworld/img/celulares/1/439Xperia_X10_mini_pro_Open_Black[1].jpg) [<a href='http://php.net/function.getimagesize'>function.getimagesize</a>]: failed to open stream: no suitable wrapper could be found in [/home/talamanc/public_html/desarrollo/celuworld/cms/views/helpers/imagen.php, line 7]
2011-07-13 01:02:29 Warning: Warning (2): getimagesize(http://desarrollo.talaman.cl/celuworld/img/celulares/1/357losexperia[1].jpg) [<a href='http://php.net/function.getimagesize'>function.getimagesize</a>]: failed to open stream: no suitable wrapper could be found in [/home/talamanc/public_html/desarrollo/celuworld/cms/views/helpers/imagen.php, line 7]
2011-07-13 01:02:34 Warning: Warning (2): getimagesize() [<a href='http://php.net/function.getimagesize'>function.getimagesize</a>]: URL file-access is disabled in the server configuration in [/home/talamanc/public_html/desarrollo/celuworld/cms/views/helpers/imagen.php, line 7]
2011-07-13 01:02:34 Warning: Warning (2): getimagesize(http://desarrollo.talaman.cl/celuworld/img/celulares/1/820sony-ericsson-xperia-x10-mini-pro-2[1].jpg) [<a href='http://php.net/function.getimagesize'>function.getimagesize</a>]: failed to open stream: no suitable wrapper could be found in [/home/talamanc/public_html/desarrollo/celuworld/cms/views/helpers/imagen.php, line 7]
2011-07-13 01:02:34 Warning: Warning (2): Division by zero in [/home/talamanc/public_html/desarrollo/celuworld/cms/views/helpers/imagen.php, line 11]
2011-07-13 01:02:34 Warning: Warning (2): getimagesize(http://desarrollo.talaman.cl/celuworld/img/celulares/1/439Xperia_X10_mini_pro_Open_Black[1].jpg) [<a href='http://php.net/function.getimagesize'>function.getimagesize</a>]: failed to open stream: no suitable wrapper could be found in [/home/talamanc/public_html/desarrollo/celuworld/cms/views/helpers/imagen.php, line 7]
2011-07-13 01:02:34 Warning: Warning (2): getimagesize(http://desarrollo.talaman.cl/celuworld/img/celulares/1/357losexperia[1].jpg) [<a href='http://php.net/function.getimagesize'>function.getimagesize</a>]: failed to open stream: no suitable wrapper could be found in [/home/talamanc/public_html/desarrollo/celuworld/cms/views/helpers/imagen.php, line 7]
2011-07-13 01:05:54 Warning: Warning (2): getimagesize() [<a href='http://php.net/function.getimagesize'>function.getimagesize</a>]: URL file-access is disabled in the server configuration in [/home/talamanc/public_html/desarrollo/celuworld/cms/views/helpers/imagen.php, line 7]
2011-07-13 01:05:54 Warning: Warning (2): getimagesize(http://desarrollo.talaman.cl/celuworld/img/celulares/1/820sony-ericsson-xperia-x10-mini-pro-2[1].jpg) [<a href='http://php.net/function.getimagesize'>function.getimagesize</a>]: failed to open stream: no suitable wrapper could be found in [/home/talamanc/public_html/desarrollo/celuworld/cms/views/helpers/imagen.php, line 7]
2011-07-13 01:05:54 Warning: Warning (2): Division by zero in [/home/talamanc/public_html/desarrollo/celuworld/cms/views/helpers/imagen.php, line 11]
2011-07-13 01:05:54 Warning: Warning (2): getimagesize(http://desarrollo.talaman.cl/celuworld/img/celulares/1/439Xperia_X10_mini_pro_Open_Black[1].jpg) [<a href='http://php.net/function.getimagesize'>function.getimagesize</a>]: failed to open stream: no suitable wrapper could be found in [/home/talamanc/public_html/desarrollo/celuworld/cms/views/helpers/imagen.php, line 7]
2011-07-13 01:05:54 Warning: Warning (2): getimagesize(http://desarrollo.talaman.cl/celuworld/img/celulares/1/357losexperia[1].jpg) [<a href='http://php.net/function.getimagesize'>function.getimagesize</a>]: failed to open stream: no suitable wrapper could be found in [/home/talamanc/public_html/desarrollo/celuworld/cms/views/helpers/imagen.php, line 7]
2011-07-13 01:06:01 Warning: Warning (2): getimagesize(/celuworld/img/celulares/1/820sony-ericsson-xperia-x10-mini-pro-2[1].jpg) [<a href='http://php.net/function.getimagesize'>function.getimagesize</a>]: failed to open stream: No such file or directory in [/home/talamanc/public_html/desarrollo/celuworld/cms/views/helpers/imagen.php, line 7]
2011-07-13 01:06:01 Warning: Warning (2): Division by zero in [/home/talamanc/public_html/desarrollo/celuworld/cms/views/helpers/imagen.php, line 11]
2011-07-13 01:06:01 Warning: Warning (2): getimagesize(/celuworld/img/celulares/1/439Xperia_X10_mini_pro_Open_Black[1].jpg) [<a href='http://php.net/function.getimagesize'>function.getimagesize</a>]: failed to open stream: No such file or directory in [/home/talamanc/public_html/desarrollo/celuworld/cms/views/helpers/imagen.php, line 7]
2011-07-13 01:06:01 Warning: Warning (2): getimagesize(/celuworld/img/celulares/1/357losexperia[1].jpg) [<a href='http://php.net/function.getimagesize'>function.getimagesize</a>]: failed to open stream: No such file or directory in [/home/talamanc/public_html/desarrollo/celuworld/cms/views/helpers/imagen.php, line 7]
2011-07-13 01:08:18 Warning: Warning (2): getimagesize(/home/talamanc/public_html/desarrollo/celuworld/cms/webroot/celuworld/img/celulares/1/820sony-ericsson-xperia-x10-mini-pro-2[1].jpg) [<a href='http://php.net/function.getimagesize'>function.getimagesize</a>]: failed to open stream: No such file or directory in [/home/talamanc/public_html/desarrollo/celuworld/cms/views/helpers/imagen.php, line 8]
2011-07-13 01:08:18 Warning: Warning (2): Division by zero in [/home/talamanc/public_html/desarrollo/celuworld/cms/views/helpers/imagen.php, line 12]
2011-07-13 01:08:18 Warning: Warning (2): getimagesize(/home/talamanc/public_html/desarrollo/celuworld/cms/webroot/celuworld/img/celulares/1/439Xperia_X10_mini_pro_Open_Black[1].jpg) [<a href='http://php.net/function.getimagesize'>function.getimagesize</a>]: failed to open stream: No such file or directory in [/home/talamanc/public_html/desarrollo/celuworld/cms/views/helpers/imagen.php, line 8]
2011-07-13 01:08:18 Warning: Warning (2): getimagesize(/home/talamanc/public_html/desarrollo/celuworld/cms/webroot/celuworld/img/celulares/1/357losexperia[1].jpg) [<a href='http://php.net/function.getimagesize'>function.getimagesize</a>]: failed to open stream: No such file or directory in [/home/talamanc/public_html/desarrollo/celuworld/cms/views/helpers/imagen.php, line 8]
2011-07-13 01:09:54 Warning: Warning (2): getimagesize() [<a href='http://php.net/function.getimagesize'>function.getimagesize</a>]: URL file-access is disabled in the server configuration in [/home/talamanc/public_html/desarrollo/celuworld/cms/views/helpers/imagen.php, line 7]
2011-07-13 01:09:54 Warning: Warning (2): getimagesize(http://desarrollo.talaman.cl/celuworld/img/celulares/1/820sony-ericsson-xperia-x10-mini-pro-2[1].jpg) [<a href='http://php.net/function.getimagesize'>function.getimagesize</a>]: failed to open stream: no suitable wrapper could be found in [/home/talamanc/public_html/desarrollo/celuworld/cms/views/helpers/imagen.php, line 7]
2011-07-13 01:09:54 Warning: Warning (2): Division by zero in [/home/talamanc/public_html/desarrollo/celuworld/cms/views/helpers/imagen.php, line 11]
2011-07-13 01:09:54 Warning: Warning (2): getimagesize(http://desarrollo.talaman.cl/celuworld/img/celulares/1/439Xperia_X10_mini_pro_Open_Black[1].jpg) [<a href='http://php.net/function.getimagesize'>function.getimagesize</a>]: failed to open stream: no suitable wrapper could be found in [/home/talamanc/public_html/desarrollo/celuworld/cms/views/helpers/imagen.php, line 7]
2011-07-13 01:09:54 Warning: Warning (2): getimagesize(http://desarrollo.talaman.cl/celuworld/img/celulares/1/357losexperia[1].jpg) [<a href='http://php.net/function.getimagesize'>function.getimagesize</a>]: failed to open stream: no suitable wrapper could be found in [/home/talamanc/public_html/desarrollo/celuworld/cms/views/helpers/imagen.php, line 7]
2011-07-13 01:15:21 Warning: Warning (2): getimagesize(/home/talamanc/public_html/desarrollo/celuworld/cms/webroot/../app/img/celulares/1/820sony-ericsson-xperia-x10-mini-pro-2[1].jpg) [<a href='http://php.net/function.getimagesize'>function.getimagesize</a>]: failed to open stream: No such file or directory in [/home/talamanc/public_html/desarrollo/celuworld/cms/views/helpers/imagen.php, line 7]
2011-07-13 01:15:21 Warning: Warning (2): Division by zero in [/home/talamanc/public_html/desarrollo/celuworld/cms/views/helpers/imagen.php, line 11]
2011-07-13 01:15:21 Warning: Warning (2): getimagesize(/home/talamanc/public_html/desarrollo/celuworld/cms/webroot/../app/img/celulares/1/439Xperia_X10_mini_pro_Open_Black[1].jpg) [<a href='http://php.net/function.getimagesize'>function.getimagesize</a>]: failed to open stream: No such file or directory in [/home/talamanc/public_html/desarrollo/celuworld/cms/views/helpers/imagen.php, line 7]
2011-07-13 01:15:21 Warning: Warning (2): getimagesize(/home/talamanc/public_html/desarrollo/celuworld/cms/webroot/../app/img/celulares/1/357losexperia[1].jpg) [<a href='http://php.net/function.getimagesize'>function.getimagesize</a>]: failed to open stream: No such file or directory in [/home/talamanc/public_html/desarrollo/celuworld/cms/views/helpers/imagen.php, line 7]
2011-07-13 01:15:40 Warning: Warning (2): getimagesize(/home/talamanc/public_html/desarrollo/celuworld/cms/webroot/../app/img/celulares/1/820sony-ericsson-xperia-x10-mini-pro-2[1].jpg) [<a href='http://php.net/function.getimagesize'>function.getimagesize</a>]: failed to open stream: No such file or directory in [/home/talamanc/public_html/desarrollo/celuworld/cms/views/helpers/imagen.php, line 7]
2011-07-13 01:15:40 Warning: Warning (2): Division by zero in [/home/talamanc/public_html/desarrollo/celuworld/cms/views/helpers/imagen.php, line 11]
2011-07-13 01:15:40 Warning: Warning (2): getimagesize(/home/talamanc/public_html/desarrollo/celuworld/cms/webroot/../app/img/celulares/1/439Xperia_X10_mini_pro_Open_Black[1].jpg) [<a href='http://php.net/function.getimagesize'>function.getimagesize</a>]: failed to open stream: No such file or directory in [/home/talamanc/public_html/desarrollo/celuworld/cms/views/helpers/imagen.php, line 7]
2011-07-13 01:15:40 Warning: Warning (2): getimagesize(/home/talamanc/public_html/desarrollo/celuworld/cms/webroot/../app/img/celulares/1/357losexperia[1].jpg) [<a href='http://php.net/function.getimagesize'>function.getimagesize</a>]: failed to open stream: No such file or directory in [/home/talamanc/public_html/desarrollo/celuworld/cms/views/helpers/imagen.php, line 7]
2011-07-13 01:35:41 Warning: Warning (2): htmlentities() [<a href='http://php.net/function.htmlentities'>function.htmlentities</a>]: charset `1' not supported, assuming iso-8859-1 in [/home/talamanc/public_html/desarrollo/celuworld/cake/libs/view/helpers/html.php, line 298]
2011-07-13 01:35:46 Warning: Warning (2): htmlentities() [<a href='http://php.net/function.htmlentities'>function.htmlentities</a>]: charset `1' not supported, assuming iso-8859-1 in [/home/talamanc/public_html/desarrollo/celuworld/cake/libs/view/helpers/html.php, line 298]
2011-07-13 01:50:06 Warning: Warning (512): <span style="color:Red;text-align:left"><b>SQL Error:</b> 1054: Unknown column 'Pais.pais' in 'field list'</span> in [/home/talamanc/public_html/desarrollo/celuworld/cake/libs/model/datasources/dbo_source.php, line 684]
2011-07-13 02:00:29 Warning: Warning (512): <span style="color:Red;text-align:left"><b>SQL Error:</b> 1054: Unknown column 'Referencia.referencia_id' in 'field list'</span> in [/home/talamanc/public_html/desarrollo/celuworld/cake/libs/model/datasources/dbo_source.php, line 684]
2011-07-13 02:00:56 Warning: Warning (512): <span style="color:Red;text-align:left"><b>SQL Error:</b> 1054: Unknown column 'Referencia.referencia_id' in 'field list'</span> in [/home/talamanc/public_html/desarrollo/celuworld/cake/libs/model/datasources/dbo_source.php, line 684]
2011-07-28 19:06:41 Warning: Warning (2): Cannot modify header information - headers already sent by (output started at /home/talamanc/public_html/celuworld.com/cake/libs/debugger.php:673) in [/home/talamanc/public_html/celuworld.com/cake/libs/controller/controller.php, line 742]
2011-08-14 23:19:32 Warning: Warning (2): Cannot modify header information - headers already sent by (output started at /home/talamanc/public_html/celuworld.com/cake/libs/debugger.php:673) in [/home/talamanc/public_html/celuworld.com/cake/libs/controller/controller.php, line 742]
2011-08-14 23:19:57 Warning: Warning (2): Cannot modify header information - headers already sent by (output started at /home/talamanc/public_html/celuworld.com/cake/libs/debugger.php:673) in [/home/talamanc/public_html/celuworld.com/cake/libs/controller/controller.php, line 742]
2011-08-14 23:20:33 Warning: Warning (2): Cannot modify header information - headers already sent by (output started at /home/talamanc/public_html/celuworld.com/cake/basics.php:110) in [/home/talamanc/public_html/celuworld.com/cake/libs/controller/controller.php, line 742]
2011-08-15 21:36:16 Warning: Warning (512): <span style="color:Red;text-align:left"><b>SQL Error:</b> 1054: Unknown column 'Referencia.pais_is' in 'field list'</span> in [/home/talamanc/public_html/celuworld.com/cake/libs/model/datasources/dbo_source.php, line 684]
2011-08-17 03:04:46 Warning: Warning (2): getimagesize(/home/talamanc/public_html/celuworld.com/app/webroot/img/celulares/78/735Sony Ericcson_Xperia X10 mini pro.jpg) [<a href='http://php.net/function.getimagesize'>function.getimagesize</a>]: failed to open stream: No such file or directory in [/home/talamanc/public_html/celuworld.com/cms/views/helpers/imagen.php, line 7]
2011-08-17 03:04:46 Warning: Warning (2): Division by zero in [/home/talamanc/public_html/celuworld.com/cms/views/helpers/imagen.php, line 12]
2011-08-17 03:05:03 Warning: Warning (2): unlink(/home/talamanc/public_html/celuworld.com/cms/../app/webroot/img/celulares/78/735Sony Ericcson_Xperia X10 mini pro.jpg) [<a href='http://php.net/function.unlink'>function.unlink</a>]: No such file or directory in [/home/talamanc/public_html/celuworld.com/cms/controllers/fotos_controller.php, line 96]
2011-08-17 03:05:03 Warning: Warning (2): Cannot modify header information - headers already sent by (output started at /home/talamanc/public_html/celuworld.com/cake/libs/debugger.php:673) in [/home/talamanc/public_html/celuworld.com/cake/libs/controller/controller.php, line 742]
2011-08-17 22:32:42 Warning: Warning (2): Cannot modify header information - headers already sent by (output started at /home/talamanc/public_html/celuworld.com/cake/libs/debugger.php:673) in [/home/talamanc/public_html/celuworld.com/cake/libs/controller/controller.php, line 742]
2011-08-23 02:22:22 Warning: Warning (2): Division by zero in [/home/talamanc/public_html/celuworld.com/cms/views/helpers/imagen.php, line 12]
2011-08-23 02:24:04 Warning: Warning (2): Division by zero in [/home/talamanc/public_html/celuworld.com/cms/views/helpers/imagen.php, line 12]
2011-09-13 16:26:27 Warning: Warning (2): Cannot modify header information - headers already sent by (output started at /home/talamanc/public_html/celuworld.com/cake/basics.php:110) in [/home/talamanc/public_html/celuworld.com/cake/libs/controller/controller.php, line 742]
2011-09-13 16:50:39 Warning: Warning (2): move_uploaded_file(/home/talamanc/public_html/celuworld.com/cms/../app/webroot/img/noticias/bolivia.png) [<a href='http://php.net/function.move-uploaded-file'>function.move-uploaded-file</a>]: failed to open stream: No such file or directory in [/home/talamanc/public_html/celuworld.com/cms/controllers/noticias_controller.php, line 26]
2011-09-13 16:50:39 Warning: Warning (2): move_uploaded_file() [<a href='http://php.net/function.move-uploaded-file'>function.move-uploaded-file</a>]: Unable to move '/tmp/phpAYa0ZL' to '/home/talamanc/public_html/celuworld.com/cms/../app/webroot/img/noticias/bolivia.png' in [/home/talamanc/public_html/celuworld.com/cms/controllers/noticias_controller.php, line 26]
2011-09-13 16:51:14 Warning: Warning (2): move_uploaded_file(/home/talamanc/public_html/celuworld.com/cms/../app/webroot/img/noticias/bolivia.png) [<a href='http://php.net/function.move-uploaded-file'>function.move-uploaded-file</a>]: failed to open stream: No such file or directory in [/home/talamanc/public_html/celuworld.com/cms/controllers/noticias_controller.php, line 26]
2011-09-13 16:51:14 Warning: Warning (2): move_uploaded_file() [<a href='http://php.net/function.move-uploaded-file'>function.move-uploaded-file</a>]: Unable to move '/tmp/phptBtweM' to '/home/talamanc/public_html/celuworld.com/cms/../app/webroot/img/noticias/bolivia.png' in [/home/talamanc/public_html/celuworld.com/cms/controllers/noticias_controller.php, line 26]
2011-09-13 16:54:14 Warning: Warning (2): move_uploaded_file(/home/talamanc/public_html/celuworld.com/cms/../app/webroot/img/noticias/Anonymous.jpg) [<a href='http://php.net/function.move-uploaded-file'>function.move-uploaded-file</a>]: failed to open stream: No such file or directory in [/home/talamanc/public_html/celuworld.com/cms/controllers/noticias_controller.php, line 26]
2011-09-13 16:54:14 Warning: Warning (2): move_uploaded_file() [<a href='http://php.net/function.move-uploaded-file'>function.move-uploaded-file</a>]: Unable to move '/tmp/phpFTKpEL' to '/home/talamanc/public_html/celuworld.com/cms/../app/webroot/img/noticias/Anonymous.jpg' in [/home/talamanc/public_html/celuworld.com/cms/controllers/noticias_controller.php, line 26]
2011-09-13 16:55:23 Warning: Warning (512): <span style="color:Red;text-align:left"><b>SQL Error:</b> 1062: Duplicate entry '0' for key 1</span> in [/home/talamanc/public_html/celuworld.com/cake/libs/model/datasources/dbo_source.php, line 684]
2011-09-26 11:24:36 Warning: Warning (2): Cannot modify header information - headers already sent by (output started at /home/talamanc/public_html/celuworld.com/cake/libs/debugger.php:673) in [/home/talamanc/public_html/celuworld.com/cake/libs/controller/controller.php, line 742]
2011-09-28 11:17:22 Warning: Warning (2): Cannot modify header information - headers already sent by (output started at /home/talamanc/public_html/celuworld.com/cake/libs/debugger.php:673) in [/home/talamanc/public_html/celuworld.com/cake/libs/controller/controller.php, line 742]
2011-09-28 11:17:36 Warning: Warning (2): Cannot modify header information - headers already sent by (output started at /home/talamanc/public_html/celuworld.com/cake/libs/debugger.php:673) in [/home/talamanc/public_html/celuworld.com/cake/libs/controller/controller.php, line 742]
2011-09-29 09:29:53 Warning: Warning (2): Cannot modify header information - headers already sent by (output started at /home/talamanc/public_html/celuworld.com/cake/libs/debugger.php:673) in [/home/talamanc/public_html/celuworld.com/cake/libs/controller/controller.php, line 742]
2011-09-29 11:41:07 Warning: Warning (2): Cannot modify header information - headers already sent by (output started at /home/talamanc/public_html/celuworld.com/cake/libs/debugger.php:673) in [/home/talamanc/public_html/celuworld.com/cake/libs/controller/controller.php, line 742]
2011-09-29 11:41:46 Warning: Warning (2): Cannot modify header information - headers already sent by (output started at /home/talamanc/public_html/celuworld.com/cake/libs/debugger.php:673) in [/home/talamanc/public_html/celuworld.com/cake/libs/controller/controller.php, line 742]
2011-09-29 13:01:50 Warning: Warning (2): Cannot modify header information - headers already sent by (output started at /home/talamanc/public_html/celuworld.com/cake/libs/debugger.php:673) in [/home/talamanc/public_html/celuworld.com/cake/libs/controller/controller.php, line 742]
2011-10-06 13:53:17 Warning: Warning (2): Cannot modify header information - headers already sent by (output started at /home/talamanc/public_html/celuworld.com/cake/libs/debugger.php:673) in [/home/talamanc/public_html/celuworld.com/cake/libs/controller/controller.php, line 742]
2011-10-06 13:53:23 Warning: Warning (2): Cannot modify header information - headers already sent by (output started at /home/talamanc/public_html/celuworld.com/cake/libs/debugger.php:673) in [/home/talamanc/public_html/celuworld.com/cake/libs/controller/controller.php, line 742]
2011-10-06 13:53:34 Warning: Warning (2): Cannot modify header information - headers already sent by (output started at /home/talamanc/public_html/celuworld.com/cake/libs/debugger.php:673) in [/home/talamanc/public_html/celuworld.com/cake/libs/controller/controller.php, line 742]
2011-10-06 13:53:44 Warning: Warning (2): Cannot modify header information - headers already sent by (output started at /home/talamanc/public_html/celuworld.com/cake/libs/debugger.php:673) in [/home/talamanc/public_html/celuworld.com/cake/libs/controller/controller.php, line 742]
2011-10-06 13:54:29 Warning: Warning (2): Cannot modify header information - headers already sent by (output started at /home/talamanc/public_html/celuworld.com/cake/libs/debugger.php:673) in [/home/talamanc/public_html/celuworld.com/cake/libs/controller/controller.php, line 742]
